<?xml version="1.0" encoding="UTF-8"?>
<!-- Generated by org.testng.reporters.JUnitReportReporter -->
<testsuite hostname="minddec224" failures="0" tests="7" name="runner.BuyPropertyMap" time="7.169" errors="0" timestamp="2022-03-26T19:47:36 GMT+05:30" skipped="0">
  <testcase classname="runner.BuyPropertyMap" name="setUp" time="0.001"/>
  <system-out/>
  <testcase classname="runner.BuyPropertyMap" name="openNoDroker" time="1.647"/>
  <system-out/>
  <testcase classname="runner.BuyPropertyMap" name="selectSearchType" time="0.634"/>
  <system-out/>
  <testcase classname="runner.BuyPropertyMap" name="selectCity" time="0.286"/>
  <system-out/>
  <testcase classname="runner.BuyPropertyMap" name="optionFromDropDown" time="0.615"/>
  <system-out/>
  <testcase classname="runner.BuyPropertyMap" name="selectLocalityAndSearch" time="1.503"/>
  <system-out/>
  <testcase classname="runner.BuyPropertyMap" name="swithMapAndZoom" time="2.483"/>
  <system-out/>
</testsuite> <!-- runner.BuyPropertyMap -->
