<?xml version="1.0" encoding="UTF-8"?>
<!-- Generated by org.testng.reporters.JUnitReportReporter -->
<testsuite hostname="minddec224" failures="0" tests="8" name="runner.BuyPropertyArticle" time="9.973" errors="0" timestamp="2022-03-26T19:22:11 GMT+05:30" skipped="0">
  <testcase classname="runner.BuyPropertyArticle" name="setUp" time="0.024"/>
  <system-out/>
  <testcase classname="runner.BuyPropertyArticle" name="openNoDroker" time="3.253"/>
  <system-out/>
  <testcase classname="runner.BuyPropertyArticle" name="selectSearchType" time="0.639"/>
  <system-out/>
  <testcase classname="runner.BuyPropertyArticle" name="selectCity" time="0.307"/>
  <system-out/>
  <testcase classname="runner.BuyPropertyArticle" name="optionFromDropDown" time="0.818"/>
  <system-out/>
  <testcase classname="runner.BuyPropertyArticle" name="selectLocalityAndSearch" time="2.209"/>
  <system-out/>
  <testcase classname="runner.BuyPropertyArticle" name="clickArticle" time="1.205"/>
  <system-out/>
  <testcase classname="runner.BuyPropertyArticle" name="seePhotos" time="1.518"/>
  <system-out/>
</testsuite> <!-- runner.BuyPropertyArticle -->
