<?xml version="1.0" encoding="UTF-8"?>
<!-- Generated by org.testng.reporters.JUnitReportReporter -->
<testsuite hostname="minddec224" failures="0" tests="8" name="runner.BuyPropertyArticle" time="10.114" errors="0" timestamp="2022-03-27T12:28:49 GMT+05:30" skipped="0">
  <testcase classname="runner.BuyPropertyArticle" name="setUp" time="0.018"/>
  <system-out/>
  <testcase classname="runner.BuyPropertyArticle" name="openNoDroker" time="3.039"/>
  <system-out/>
  <testcase classname="runner.BuyPropertyArticle" name="selectSearchType" time="0.569"/>
  <system-out/>
  <testcase classname="runner.BuyPropertyArticle" name="selectCity" time="0.608"/>
  <system-out/>
  <testcase classname="runner.BuyPropertyArticle" name="optionFromDropDown" time="0.679"/>
  <system-out/>
  <testcase classname="runner.BuyPropertyArticle" name="selectLocalityAndSearch" time="2.051"/>
  <system-out/>
  <testcase classname="runner.BuyPropertyArticle" name="clickArticle" time="1.512"/>
  <system-out/>
  <testcase classname="runner.BuyPropertyArticle" name="seePhotos" time="1.638"/>
  <system-out/>
</testsuite> <!-- runner.BuyPropertyArticle -->
