<?xml version="1.0" encoding="UTF-8"?>
<!-- Generated by org.testng.reporters.JUnitReportReporter -->
<testsuite hostname="minddec224" failures="0" tests="8" name="runner.RentMap" time="9.519" errors="0" timestamp="2022-03-27T12:28:49 GMT+05:30" skipped="0">
  <testcase classname="runner.RentMap" name="setUp" time="0.000"/>
  <system-out/>
  <testcase classname="runner.RentMap" name="openNoDroker" time="1.581"/>
  <system-out/>
  <testcase classname="runner.RentMap" name="selectSearchType" time="0.760"/>
  <system-out/>
  <testcase classname="runner.RentMap" name="selectCity" time="0.413"/>
  <system-out/>
  <testcase classname="runner.RentMap" name="selectRentPropertyType" time="0.197"/>
  <system-out/>
  <testcase classname="runner.RentMap" name="optionFromDropDown" time="0.605"/>
  <system-out/>
  <testcase classname="runner.RentMap" name="selectLocalityAndSearch" time="2.697"/>
  <system-out/>
  <testcase classname="runner.RentMap" name="swithMapAndZoom" time="3.266"/>
  <system-out/>
</testsuite> <!-- runner.RentMap -->
