<?xml version="1.0" encoding="UTF-8"?>
<!-- Generated by org.testng.reporters.JUnitReportReporter -->
<testsuite hostname="minddec224" failures="0" tests="9" name="runner.CommercialPropertyArticle" time="8.229" errors="0" timestamp="2022-03-26T19:47:36 GMT+05:30" skipped="0">
  <testcase classname="runner.CommercialPropertyArticle" name="setUp" time="0.000"/>
  <system-out/>
  <testcase classname="runner.CommercialPropertyArticle" name="openNoDroker" time="1.689"/>
  <system-out/>
  <testcase classname="runner.CommercialPropertyArticle" name="selectSearchType" time="0.624"/>
  <system-out/>
  <testcase classname="runner.CommercialPropertyArticle" name="selectCity" time="0.400"/>
  <system-out/>
  <testcase classname="runner.CommercialPropertyArticle" name="selectCommercialPropertyType" time="0.114"/>
  <system-out/>
  <testcase classname="runner.CommercialPropertyArticle" name="optionFromDropDown" time="0.382"/>
  <system-out/>
  <testcase classname="runner.CommercialPropertyArticle" name="selectLocalityAndSearch" time="2.067"/>
  <system-out/>
  <testcase classname="runner.CommercialPropertyArticle" name="clickArticle" time="1.589"/>
  <system-out/>
  <testcase classname="runner.CommercialPropertyArticle" name="seePhotos" time="1.364"/>
  <system-out/>
</testsuite> <!-- runner.CommercialPropertyArticle -->
