<?xml version="1.0" encoding="UTF-8"?>
<!-- Generated by org.testng.reporters.JUnitReportReporter -->
<testsuite hostname="minddec224" failures="0" tests="8" name="runner.CommercialPropertyMap" time="8.935" errors="0" timestamp="2022-03-27T12:28:49 GMT+05:30" skipped="0">
  <testcase classname="runner.CommercialPropertyMap" name="setUp" time="0.000"/>
  <system-out/>
  <testcase classname="runner.CommercialPropertyMap" name="openNoDroker" time="1.507"/>
  <system-out/>
  <testcase classname="runner.CommercialPropertyMap" name="selectSearchType" time="0.737"/>
  <system-out/>
  <testcase classname="runner.CommercialPropertyMap" name="selectCity" time="0.530"/>
  <system-out/>
  <testcase classname="runner.CommercialPropertyMap" name="selectCommercialPropertyType" time="0.194"/>
  <system-out/>
  <testcase classname="runner.CommercialPropertyMap" name="optionFromDropDown" time="0.406"/>
  <system-out/>
  <testcase classname="runner.CommercialPropertyMap" name="selectLocalityAndSearch" time="2.427"/>
  <system-out/>
  <testcase classname="runner.CommercialPropertyMap" name="swithMapAndZoom" time="3.134"/>
  <system-out/>
</testsuite> <!-- runner.CommercialPropertyMap -->
