<?xml version="1.0" encoding="UTF-8"?>
<!-- Generated by org.testng.reporters.JUnitReportReporter -->
<testsuite hostname="minddec224" failures="0" tests="4" name="runner.AboutUs" time="4.912" errors="0" timestamp="2022-03-26T19:22:11 GMT+05:30" skipped="0">
  <testcase classname="runner.AboutUs" name="setUp" time="0.001"/>
  <system-out/>
  <testcase classname="runner.AboutUs" name="openNoDroker" time="1.469"/>
  <system-out/>
  <testcase classname="runner.AboutUs" name="clickAboutUs" time="1.230"/>
  <system-out/>
  <testcase classname="runner.AboutUs" name="OpenHomeLoan" time="2.212"/>
  <system-out/>
</testsuite> <!-- runner.AboutUs -->
