<?xml version="1.0" encoding="UTF-8"?>
<!-- Generated by org.testng.reporters.JUnitReportReporter -->
<testsuite hostname="minddec224" failures="0" tests="9" name="runner.RentArticle" time="8.468" errors="0" timestamp="2022-03-26T19:47:36 GMT+05:30" skipped="0">
  <testcase classname="runner.RentArticle" name="setUp" time="0.000"/>
  <system-out/>
  <testcase classname="runner.RentArticle" name="openNoDroker" time="1.967"/>
  <system-out/>
  <testcase classname="runner.RentArticle" name="selectSearchType" time="0.625"/>
  <system-out/>
  <testcase classname="runner.RentArticle" name="selectCity" time="0.340"/>
  <system-out/>
  <testcase classname="runner.RentArticle" name="selectRentPropertyType" time="0.098"/>
  <system-out/>
  <testcase classname="runner.RentArticle" name="optionFromDropDown" time="0.651"/>
  <system-out/>
  <testcase classname="runner.RentArticle" name="selectLocalityAndSearch" time="2.232"/>
  <system-out/>
  <testcase classname="runner.RentArticle" name="clickArticle" time="1.414"/>
  <system-out/>
  <testcase classname="runner.RentArticle" name="seePhotos" time="1.141"/>
  <system-out/>
</testsuite> <!-- runner.RentArticle -->
