<?xml version="1.0" encoding="UTF-8"?>
<!-- Generated by org.testng.reporters.JUnitReportReporter -->
<testsuite hostname="minddec224" failures="0" tests="9" name="runner.CommercialPropertyArticle" time="9.009" errors="0" timestamp="2022-03-26T11:02:03 GMT+05:30" skipped="0">
  <testcase classname="runner.CommercialPropertyArticle" name="setUp" time="0.000"/>
  <system-out/>
  <testcase classname="runner.CommercialPropertyArticle" name="openNoDroker" time="1.506"/>
  <system-out/>
  <testcase classname="runner.CommercialPropertyArticle" name="selectSearchType" time="0.682"/>
  <system-out/>
  <testcase classname="runner.CommercialPropertyArticle" name="selectCity" time="0.792"/>
  <system-out/>
  <testcase classname="runner.CommercialPropertyArticle" name="selectCommercialPropertyType" time="0.200"/>
  <system-out/>
  <testcase classname="runner.CommercialPropertyArticle" name="optionFromDropDown" time="0.322"/>
  <system-out/>
  <testcase classname="runner.CommercialPropertyArticle" name="selectLocalityAndSearch" time="2.442"/>
  <system-out/>
  <testcase classname="runner.CommercialPropertyArticle" name="clickArticle" time="1.785"/>
  <system-out/>
  <testcase classname="runner.CommercialPropertyArticle" name="seePhotos" time="1.280"/>
  <system-out/>
</testsuite> <!-- runner.CommercialPropertyArticle -->
