<?xml version="1.0" encoding="UTF-8"?>
<!-- Generated by org.testng.reporters.JUnitReportReporter -->
<testsuite hostname="minddec224" failures="0" tests="7" name="runner.BuyPropertyMap" time="7.710" errors="0" timestamp="2022-03-26T11:02:03 GMT+05:30" skipped="0">
  <testcase classname="runner.BuyPropertyMap" name="setUp" time="0.000"/>
  <system-out/>
  <testcase classname="runner.BuyPropertyMap" name="openNoDroker" time="1.592"/>
  <system-out/>
  <testcase classname="runner.BuyPropertyMap" name="selectSearchType" time="0.755"/>
  <system-out/>
  <testcase classname="runner.BuyPropertyMap" name="selectCity" time="0.320"/>
  <system-out/>
  <testcase classname="runner.BuyPropertyMap" name="optionFromDropDown" time="0.687"/>
  <system-out/>
  <testcase classname="runner.BuyPropertyMap" name="selectLocalityAndSearch" time="2.117"/>
  <system-out/>
  <testcase classname="runner.BuyPropertyMap" name="swithMapAndZoom" time="2.239"/>
  <system-out/>
</testsuite> <!-- runner.BuyPropertyMap -->
