<?xml version="1.0" encoding="UTF-8"?>
<!-- Generated by org.testng.reporters.JUnitReportReporter -->
<testsuite hostname="minddec224" failures="0" tests="7" name="runner.EmiCalculator" time="4.023" errors="0" timestamp="2022-03-27T12:28:49 GMT+05:30" skipped="0">
  <testcase classname="runner.EmiCalculator" name="setUp" time="0.001"/>
  <system-out/>
  <testcase classname="runner.EmiCalculator" name="openNoDroker" time="1.546"/>
  <system-out/>
  <testcase classname="runner.EmiCalculator" name="emiFooterLink" time="1.775"/>
  <system-out/>
  <testcase classname="runner.EmiCalculator" name="loanAmount" time="0.211"/>
  <system-out/>
  <testcase classname="runner.EmiCalculator" name="rateOfInterest" time="0.167"/>
  <system-out/>
  <testcase classname="runner.EmiCalculator" name="loanTenure" time="0.169"/>
  <system-out/>
  <testcase classname="runner.EmiCalculator" name="output" time="0.154"/>
  <system-out/>
</testsuite> <!-- runner.EmiCalculator -->
