<?xml version="1.0" encoding="UTF-8"?>
<!-- Generated by org.testng.reporters.JUnitReportReporter -->
<testsuite hostname="minddec224" failures="0" tests="8" name="runner.RentMap" time="9.210" errors="0" timestamp="2022-03-26T11:02:03 GMT+05:30" skipped="0">
  <testcase classname="runner.RentMap" name="setUp" time="0.001"/>
  <system-out/>
  <testcase classname="runner.RentMap" name="openNoDroker" time="1.384"/>
  <system-out/>
  <testcase classname="runner.RentMap" name="selectSearchType" time="0.651"/>
  <system-out/>
  <testcase classname="runner.RentMap" name="selectCity" time="0.440"/>
  <system-out/>
  <testcase classname="runner.RentMap" name="selectRentPropertyType" time="0.129"/>
  <system-out/>
  <testcase classname="runner.RentMap" name="optionFromDropDown" time="0.727"/>
  <system-out/>
  <testcase classname="runner.RentMap" name="selectLocalityAndSearch" time="2.789"/>
  <system-out/>
  <testcase classname="runner.RentMap" name="swithMapAndZoom" time="3.089"/>
  <system-out/>
</testsuite> <!-- runner.RentMap -->
