<?xml version="1.0" encoding="UTF-8"?>
<!-- Generated by org.testng.reporters.JUnitReportReporter -->
<testsuite hostname="minddec224" failures="0" tests="7" name="runner.BuyPropertyMap" time="7.609" errors="0" timestamp="2022-03-26T19:22:11 GMT+05:30" skipped="0">
  <testcase classname="runner.BuyPropertyMap" name="setUp" time="0.001"/>
  <system-out/>
  <testcase classname="runner.BuyPropertyMap" name="openNoDroker" time="1.431"/>
  <system-out/>
  <testcase classname="runner.BuyPropertyMap" name="selectSearchType" time="0.563"/>
  <system-out/>
  <testcase classname="runner.BuyPropertyMap" name="selectCity" time="0.377"/>
  <system-out/>
  <testcase classname="runner.BuyPropertyMap" name="optionFromDropDown" time="0.646"/>
  <system-out/>
  <testcase classname="runner.BuyPropertyMap" name="selectLocalityAndSearch" time="2.206"/>
  <system-out/>
  <testcase classname="runner.BuyPropertyMap" name="swithMapAndZoom" time="2.385"/>
  <system-out/>
</testsuite> <!-- runner.BuyPropertyMap -->
