<?xml version="1.0" encoding="UTF-8"?>
<!-- Generated by org.testng.reporters.JUnitReportReporter -->
<testsuite hostname="minddec224" failures="0" tests="9" name="runner.CommercialPropertyArticle" time="9.447" errors="0" timestamp="2022-03-26T19:22:11 GMT+05:30" skipped="0">
  <testcase classname="runner.CommercialPropertyArticle" name="setUp" time="0.001"/>
  <system-out/>
  <testcase classname="runner.CommercialPropertyArticle" name="openNoDroker" time="1.637"/>
  <system-out/>
  <testcase classname="runner.CommercialPropertyArticle" name="selectSearchType" time="0.732"/>
  <system-out/>
  <testcase classname="runner.CommercialPropertyArticle" name="selectCity" time="0.450"/>
  <system-out/>
  <testcase classname="runner.CommercialPropertyArticle" name="selectCommercialPropertyType" time="0.111"/>
  <system-out/>
  <testcase classname="runner.CommercialPropertyArticle" name="optionFromDropDown" time="0.381"/>
  <system-out/>
  <testcase classname="runner.CommercialPropertyArticle" name="selectLocalityAndSearch" time="2.468"/>
  <system-out/>
  <testcase classname="runner.CommercialPropertyArticle" name="clickArticle" time="1.458"/>
  <system-out/>
  <testcase classname="runner.CommercialPropertyArticle" name="seePhotos" time="2.209"/>
  <system-out/>
</testsuite> <!-- runner.CommercialPropertyArticle -->
