<?xml version="1.0" encoding="UTF-8"?>
<!-- Generated by org.testng.reporters.JUnitReportReporter -->
<testsuite hostname="minddec224" failures="0" tests="8" name="runner.CommercialPropertyMap" time="8.686" errors="0" timestamp="2022-03-26T19:47:36 GMT+05:30" skipped="0">
  <testcase classname="runner.CommercialPropertyMap" name="setUp" time="0.001"/>
  <system-out/>
  <testcase classname="runner.CommercialPropertyMap" name="openNoDroker" time="1.570"/>
  <system-out/>
  <testcase classname="runner.CommercialPropertyMap" name="selectSearchType" time="0.652"/>
  <system-out/>
  <testcase classname="runner.CommercialPropertyMap" name="selectCity" time="0.345"/>
  <system-out/>
  <testcase classname="runner.CommercialPropertyMap" name="selectCommercialPropertyType" time="0.102"/>
  <system-out/>
  <testcase classname="runner.CommercialPropertyMap" name="optionFromDropDown" time="0.360"/>
  <system-out/>
  <testcase classname="runner.CommercialPropertyMap" name="selectLocalityAndSearch" time="1.954"/>
  <system-out/>
  <testcase classname="runner.CommercialPropertyMap" name="swithMapAndZoom" time="3.702"/>
  <system-out/>
</testsuite> <!-- runner.CommercialPropertyMap -->
