<?xml version="1.0" encoding="UTF-8"?>
<!-- Generated by org.testng.reporters.JUnitReportReporter -->
<testsuite hostname="minddec224" failures="0" tests="5" name="runner.InvalidLogin" time="4.025" errors="0" timestamp="2022-03-27T12:28:49 GMT+05:30" skipped="0">
  <testcase classname="runner.InvalidLogin" name="setUp" time="0.000"/>
  <system-out/>
  <testcase classname="runner.InvalidLogin" name="openNoDroker" time="1.482"/>
  <system-out/>
  <testcase classname="runner.InvalidLogin" name="clickLogin" time="0.702"/>
  <system-out/>
  <testcase classname="runner.InvalidLogin" name="enterNumber" time="0.924"/>
  <system-out/>
  <testcase classname="runner.InvalidLogin" name="enterPassAndLogin" time="0.917"/>
  <system-out/>
</testsuite> <!-- runner.InvalidLogin -->
