<?xml version="1.0" encoding="UTF-8"?>
<!-- Generated by org.testng.reporters.JUnitReportReporter -->
<testsuite hostname="minddec224" failures="0" tests="8" name="runner.RentMap" time="10.276" errors="0" timestamp="2022-03-26T19:22:11 GMT+05:30" skipped="0">
  <testcase classname="runner.RentMap" name="setUp" time="0.000"/>
  <system-out/>
  <testcase classname="runner.RentMap" name="openNoDroker" time="1.653"/>
  <system-out/>
  <testcase classname="runner.RentMap" name="selectSearchType" time="0.981"/>
  <system-out/>
  <testcase classname="runner.RentMap" name="selectCity" time="0.763"/>
  <system-out/>
  <testcase classname="runner.RentMap" name="selectRentPropertyType" time="0.111"/>
  <system-out/>
  <testcase classname="runner.RentMap" name="optionFromDropDown" time="0.764"/>
  <system-out/>
  <testcase classname="runner.RentMap" name="selectLocalityAndSearch" time="2.386"/>
  <system-out/>
  <testcase classname="runner.RentMap" name="swithMapAndZoom" time="3.618"/>
  <system-out/>
</testsuite> <!-- runner.RentMap -->
