<?xml version="1.0" encoding="UTF-8"?>
<!-- Generated by org.testng.reporters.JUnitReportReporter -->
<testsuite hostname="minddec224" failures="0" tests="7" name="runner.BuyPropertyMap" time="8.689" errors="0" timestamp="2022-03-27T12:28:49 GMT+05:30" skipped="0">
  <testcase classname="runner.BuyPropertyMap" name="setUp" time="0.002"/>
  <system-out/>
  <testcase classname="runner.BuyPropertyMap" name="openNoDroker" time="1.928"/>
  <system-out/>
  <testcase classname="runner.BuyPropertyMap" name="selectSearchType" time="0.551"/>
  <system-out/>
  <testcase classname="runner.BuyPropertyMap" name="selectCity" time="0.523"/>
  <system-out/>
  <testcase classname="runner.BuyPropertyMap" name="optionFromDropDown" time="0.695"/>
  <system-out/>
  <testcase classname="runner.BuyPropertyMap" name="selectLocalityAndSearch" time="1.872"/>
  <system-out/>
  <testcase classname="runner.BuyPropertyMap" name="swithMapAndZoom" time="3.118"/>
  <system-out/>
</testsuite> <!-- runner.BuyPropertyMap -->
