<?xml version="1.0" encoding="UTF-8"?>
<!-- Generated by org.testng.reporters.JUnitReportReporter -->
<testsuite hostname="minddec224" failures="0" tests="5" name="runner.Wallet" time="3.431" errors="0" timestamp="2022-03-26T11:02:03 GMT+05:30" skipped="0">
  <testcase classname="runner.Wallet" name="setUp" time="0.007"/>
  <system-out/>
  <testcase classname="runner.Wallet" name="openNoDroker" time="1.618"/>
  <system-out/>
  <testcase classname="runner.Wallet" name="openMenu" time="0.249"/>
  <system-out/>
  <testcase classname="runner.Wallet" name="openWallet" time="1.018"/>
  <system-out/>
  <testcase classname="runner.Wallet" name="joinClub" time="0.539"/>
  <system-out/>
</testsuite> <!-- runner.Wallet -->
