<?xml version="1.0" encoding="UTF-8"?>
<!-- Generated by org.testng.reporters.JUnitReportReporter -->
<testsuite hostname="minddec224" failures="0" tests="8" name="runner.RentMap" time="9.255" errors="0" timestamp="2022-03-26T19:47:36 GMT+05:30" skipped="0">
  <testcase classname="runner.RentMap" name="setUp" time="0.001"/>
  <system-out/>
  <testcase classname="runner.RentMap" name="openNoDroker" time="1.611"/>
  <system-out/>
  <testcase classname="runner.RentMap" name="selectSearchType" time="0.655"/>
  <system-out/>
  <testcase classname="runner.RentMap" name="selectCity" time="0.357"/>
  <system-out/>
  <testcase classname="runner.RentMap" name="selectRentPropertyType" time="0.103"/>
  <system-out/>
  <testcase classname="runner.RentMap" name="optionFromDropDown" time="0.591"/>
  <system-out/>
  <testcase classname="runner.RentMap" name="selectLocalityAndSearch" time="1.843"/>
  <system-out/>
  <testcase classname="runner.RentMap" name="swithMapAndZoom" time="4.094"/>
  <system-out/>
</testsuite> <!-- runner.RentMap -->
