<?xml version="1.0" encoding="UTF-8"?>
<!-- Generated by org.testng.reporters.JUnitReportReporter -->
<testsuite hostname="minddec224" failures="0" tests="5" name="runner.Interior" time="5.686" errors="0" timestamp="2022-03-26T11:02:03 GMT+05:30" skipped="0">
  <testcase classname="runner.Interior" name="setUp" time="0.010"/>
  <system-out/>
  <testcase classname="runner.Interior" name="openNoDroker" time="1.610"/>
  <system-out/>
  <testcase classname="runner.Interior" name="openMenu" time="0.166"/>
  <system-out/>
  <testcase classname="runner.Interior" name="openInterior" time="2.332"/>
  <system-out/>
  <testcase classname="runner.Interior" name="seeRoomPhotos" time="1.568"/>
  <system-out/>
</testsuite> <!-- runner.Interior -->
