<?xml version="1.0" encoding="UTF-8"?>
<!-- Generated by org.testng.reporters.JUnitReportReporter -->
<testsuite hostname="minddec224" failures="0" tests="9" name="runner.RentArticle" time="8.883" errors="0" timestamp="2022-03-27T12:28:49 GMT+05:30" skipped="0">
  <testcase classname="runner.RentArticle" name="setUp" time="0.000"/>
  <system-out/>
  <testcase classname="runner.RentArticle" name="openNoDroker" time="1.387"/>
  <system-out/>
  <testcase classname="runner.RentArticle" name="selectSearchType" time="0.697"/>
  <system-out/>
  <testcase classname="runner.RentArticle" name="selectCity" time="0.455"/>
  <system-out/>
  <testcase classname="runner.RentArticle" name="selectRentPropertyType" time="0.123"/>
  <system-out/>
  <testcase classname="runner.RentArticle" name="optionFromDropDown" time="0.711"/>
  <system-out/>
  <testcase classname="runner.RentArticle" name="selectLocalityAndSearch" time="2.554"/>
  <system-out/>
  <testcase classname="runner.RentArticle" name="clickArticle" time="1.912"/>
  <system-out/>
  <testcase classname="runner.RentArticle" name="seePhotos" time="1.044"/>
  <system-out/>
</testsuite> <!-- runner.RentArticle -->
