<?xml version="1.0" encoding="UTF-8"?>
<!-- Generated by org.testng.reporters.JUnitReportReporter -->
<testsuite hostname="minddec224" failures="0" tests="9" name="runner.RentArticle" time="8.669" errors="0" timestamp="2022-03-26T11:02:03 GMT+05:30" skipped="0">
  <testcase classname="runner.RentArticle" name="setUp" time="0.000"/>
  <system-out/>
  <testcase classname="runner.RentArticle" name="openNoDroker" time="1.463"/>
  <system-out/>
  <testcase classname="runner.RentArticle" name="selectSearchType" time="0.745"/>
  <system-out/>
  <testcase classname="runner.RentArticle" name="selectCity" time="0.766"/>
  <system-out/>
  <testcase classname="runner.RentArticle" name="selectRentPropertyType" time="0.215"/>
  <system-out/>
  <testcase classname="runner.RentArticle" name="optionFromDropDown" time="0.537"/>
  <system-out/>
  <testcase classname="runner.RentArticle" name="selectLocalityAndSearch" time="2.700"/>
  <system-out/>
  <testcase classname="runner.RentArticle" name="clickArticle" time="1.171"/>
  <system-out/>
  <testcase classname="runner.RentArticle" name="seePhotos" time="1.072"/>
  <system-out/>
</testsuite> <!-- runner.RentArticle -->
