<?xml version="1.0" encoding="UTF-8"?>
<!-- Generated by org.testng.reporters.JUnitReportReporter -->
<testsuite hostname="minddec224" failures="0" tests="8" name="runner.BuyPropertyArticle" time="9.384" errors="0" timestamp="2022-03-26T19:47:36 GMT+05:30" skipped="0">
  <testcase classname="runner.BuyPropertyArticle" name="setUp" time="0.009"/>
  <system-out/>
  <testcase classname="runner.BuyPropertyArticle" name="openNoDroker" time="3.122"/>
  <system-out/>
  <testcase classname="runner.BuyPropertyArticle" name="selectSearchType" time="0.614"/>
  <system-out/>
  <testcase classname="runner.BuyPropertyArticle" name="selectCity" time="0.313"/>
  <system-out/>
  <testcase classname="runner.BuyPropertyArticle" name="optionFromDropDown" time="0.668"/>
  <system-out/>
  <testcase classname="runner.BuyPropertyArticle" name="selectLocalityAndSearch" time="1.683"/>
  <system-out/>
  <testcase classname="runner.BuyPropertyArticle" name="clickArticle" time="1.765"/>
  <system-out/>
  <testcase classname="runner.BuyPropertyArticle" name="seePhotos" time="1.210"/>
  <system-out/>
</testsuite> <!-- runner.BuyPropertyArticle -->
