<?xml version="1.0" encoding="UTF-8"?>
<!-- Generated by org.testng.reporters.JUnitReportReporter -->
<testsuite hostname="minddec224" failures="0" tests="5" name="runner.Interior" time="5.368" errors="0" timestamp="2022-03-27T12:28:49 GMT+05:30" skipped="0">
  <testcase classname="runner.Interior" name="setUp" time="0.001"/>
  <system-out/>
  <testcase classname="runner.Interior" name="openNoDroker" time="1.696"/>
  <system-out/>
  <testcase classname="runner.Interior" name="openMenu" time="0.186"/>
  <system-out/>
  <testcase classname="runner.Interior" name="openInterior" time="1.862"/>
  <system-out/>
  <testcase classname="runner.Interior" name="seeRoomPhotos" time="1.623"/>
  <system-out/>
</testsuite> <!-- runner.Interior -->
