<?xml version="1.0" encoding="UTF-8"?>
<!-- Generated by org.testng.reporters.JUnitReportReporter -->
<testsuite hostname="minddec224" failures="0" tests="9" name="runner.RentArticle" time="9.564" errors="0" timestamp="2022-03-26T19:22:11 GMT+05:30" skipped="0">
  <testcase classname="runner.RentArticle" name="setUp" time="0.001"/>
  <system-out/>
  <testcase classname="runner.RentArticle" name="openNoDroker" time="1.744"/>
  <system-out/>
  <testcase classname="runner.RentArticle" name="selectSearchType" time="0.917"/>
  <system-out/>
  <testcase classname="runner.RentArticle" name="selectCity" time="0.262"/>
  <system-out/>
  <testcase classname="runner.RentArticle" name="selectRentPropertyType" time="0.192"/>
  <system-out/>
  <testcase classname="runner.RentArticle" name="optionFromDropDown" time="0.551"/>
  <system-out/>
  <testcase classname="runner.RentArticle" name="selectLocalityAndSearch" time="2.577"/>
  <system-out/>
  <testcase classname="runner.RentArticle" name="clickArticle" time="1.301"/>
  <system-out/>
  <testcase classname="runner.RentArticle" name="seePhotos" time="2.019"/>
  <system-out/>
</testsuite> <!-- runner.RentArticle -->
