<?xml version="1.0" encoding="UTF-8"?>
<!-- Generated by org.testng.reporters.JUnitReportReporter -->
<testsuite hostname="minddec224" failures="0" tests="8" name="runner.CommercialPropertyMap" time="8.385" errors="0" timestamp="2022-03-26T19:22:11 GMT+05:30" skipped="0">
  <testcase classname="runner.CommercialPropertyMap" name="setUp" time="0.001"/>
  <system-out/>
  <testcase classname="runner.CommercialPropertyMap" name="openNoDroker" time="1.489"/>
  <system-out/>
  <testcase classname="runner.CommercialPropertyMap" name="selectSearchType" time="0.594"/>
  <system-out/>
  <testcase classname="runner.CommercialPropertyMap" name="selectCity" time="0.797"/>
  <system-out/>
  <testcase classname="runner.CommercialPropertyMap" name="selectCommercialPropertyType" time="0.119"/>
  <system-out/>
  <testcase classname="runner.CommercialPropertyMap" name="optionFromDropDown" time="0.324"/>
  <system-out/>
  <testcase classname="runner.CommercialPropertyMap" name="selectLocalityAndSearch" time="2.123"/>
  <system-out/>
  <testcase classname="runner.CommercialPropertyMap" name="swithMapAndZoom" time="2.938"/>
  <system-out/>
</testsuite> <!-- runner.CommercialPropertyMap -->
