<?xml version="1.0" encoding="UTF-8"?>
<!-- Generated by org.testng.reporters.JUnitReportReporter -->
<testsuite hostname="minddec224" failures="0" tests="9" name="runner.CommercialPropertyArticle" time="8.881" errors="0" timestamp="2022-03-27T12:28:49 GMT+05:30" skipped="0">
  <testcase classname="runner.CommercialPropertyArticle" name="setUp" time="0.000"/>
  <system-out/>
  <testcase classname="runner.CommercialPropertyArticle" name="openNoDroker" time="1.590"/>
  <system-out/>
  <testcase classname="runner.CommercialPropertyArticle" name="selectSearchType" time="0.694"/>
  <system-out/>
  <testcase classname="runner.CommercialPropertyArticle" name="selectCity" time="0.518"/>
  <system-out/>
  <testcase classname="runner.CommercialPropertyArticle" name="selectCommercialPropertyType" time="0.115"/>
  <system-out/>
  <testcase classname="runner.CommercialPropertyArticle" name="optionFromDropDown" time="0.453"/>
  <system-out/>
  <testcase classname="runner.CommercialPropertyArticle" name="selectLocalityAndSearch" time="1.943"/>
  <system-out/>
  <testcase classname="runner.CommercialPropertyArticle" name="clickArticle" time="1.721"/>
  <system-out/>
  <testcase classname="runner.CommercialPropertyArticle" name="seePhotos" time="1.847"/>
  <system-out/>
</testsuite> <!-- runner.CommercialPropertyArticle -->
