<?xml version="1.0" encoding="UTF-8"?>
<!-- Generated by org.testng.reporters.JUnitReportReporter -->
<testsuite hostname="minddec224" failures="0" tests="5" name="runner.ValidLogin" time="4.175" errors="0" timestamp="2022-03-27T12:28:49 GMT+05:30" skipped="0">
  <testcase classname="runner.ValidLogin" name="setUp" time="0.000"/>
  <system-out/>
  <testcase classname="runner.ValidLogin" name="openNoDroker" time="1.475"/>
  <system-out/>
  <testcase classname="runner.ValidLogin" name="clickLogin" time="0.540"/>
  <system-out/>
  <testcase classname="runner.ValidLogin" name="enterNumber" time="1.062"/>
  <system-out/>
  <testcase classname="runner.ValidLogin" name="enterPassAndLogin" time="1.098"/>
  <system-out/>
</testsuite> <!-- runner.ValidLogin -->
