<?xml version="1.0" encoding="UTF-8"?>
<!-- Generated by org.testng.reporters.JUnitReportReporter -->
<testsuite hostname="minddec224" failures="0" tests="4" name="runner.AboutUs" time="5.191" errors="0" timestamp="2022-03-26T11:02:03 GMT+05:30" skipped="0">
  <testcase classname="runner.AboutUs" name="setUp" time="0.001"/>
  <system-out/>
  <testcase classname="runner.AboutUs" name="openNoDroker" time="1.401"/>
  <system-out/>
  <testcase classname="runner.AboutUs" name="clickAboutUs" time="1.310"/>
  <system-out/>
  <testcase classname="runner.AboutUs" name="OpenHomeLoan" time="2.479"/>
  <system-out/>
</testsuite> <!-- runner.AboutUs -->
