<?xml version="1.0" encoding="UTF-8"?>
<!-- Generated by org.testng.reporters.JUnitReportReporter -->
<testsuite hostname="minddec224" failures="0" tests="8" name="runner.BuyPropertyArticle" time="9.234" errors="0" timestamp="2022-03-26T11:02:03 GMT+05:30" skipped="0">
  <testcase classname="runner.BuyPropertyArticle" name="setUp" time="0.012"/>
  <system-out/>
  <testcase classname="runner.BuyPropertyArticle" name="openNoDroker" time="2.789"/>
  <system-out/>
  <testcase classname="runner.BuyPropertyArticle" name="selectSearchType" time="0.398"/>
  <system-out/>
  <testcase classname="runner.BuyPropertyArticle" name="selectCity" time="0.548"/>
  <system-out/>
  <testcase classname="runner.BuyPropertyArticle" name="optionFromDropDown" time="0.657"/>
  <system-out/>
  <testcase classname="runner.BuyPropertyArticle" name="selectLocalityAndSearch" time="1.792"/>
  <system-out/>
  <testcase classname="runner.BuyPropertyArticle" name="clickArticle" time="1.612"/>
  <system-out/>
  <testcase classname="runner.BuyPropertyArticle" name="seePhotos" time="1.426"/>
  <system-out/>
</testsuite> <!-- runner.BuyPropertyArticle -->
